{"C:\\Users\\siste\\Desktop\\backend\\serverEcommerce\\index.ts": {"path":"C:\\Users\\siste\\Desktop\\backend\\serverEcommerce\\index.ts","statementMap":{"0":{"start":{"line":2,"column":0},"end":{"line":2,"column":30}},"1":{"start":{"line":3,"column":0},"end":{"line":3,"column":24}},"2":{"start":{"line":4,"column":0},"end":{"line":4,"column":41}},"3":{"start":{"line":7,"column":0},"end":{"line":7,"column":40}},"4":{"start":{"line":8,"column":0},"end":{"line":8,"column":38}},"5":{"start":{"line":10,"column":15},"end":{"line":10,"column":34}},"6":{"start":{"line":12,"column":0},"end":{"line":12,"column":33}},"7":{"start":{"line":14,"column":0},"end":{"line":14,"column":55}},"8":{"start":{"line":15,"column":0},"end":{"line":15,"column":31}},"9":{"start":{"line":17,"column":0},"end":{"line":17,"column":57}},"10":{"start":{"line":20,"column":0},"end":{"line":20,"column":39}},"11":{"start":{"line":21,"column":0},"end":{"line":21,"column":37}},"12":{"start":{"line":23,"column":0},"end":{"line":23,"column":17}},"13":{"start":{"line":25,"column":12},"end":{"line":25,"column":22}},"14":{"start":{"line":27,"column":0},"end":{"line":27,"column":19}}},"fnMap":{},"branchMap":{},"s":{"0":1,"1":1,"2":1,"3":1,"4":1,"5":1,"6":1,"7":1,"8":1,"9":1,"10":1,"11":1,"12":1,"13":1,"14":1},"f":{},"b":{}}
,"C:\\Users\\siste\\Desktop\\backend\\serverEcommerce\\clases\\server.ts": {"path":"C:\\Users\\siste\\Desktop\\backend\\serverEcommerce\\clases\\server.ts","statementMap":{"0":{"start":{"line":4,"column":0},"end":{"line":4,"column":30}},"1":{"start":{"line":5,"column":0},"end":{"line":5,"column":36}},"2":{"start":{"line":6,"column":0},"end":{"line":6,"column":32}},"3":{"start":{"line":7,"column":0},"end":{"line":7,"column":54}},"4":{"start":{"line":8,"column":0},"end":{"line":8,"column":48}},"5":{"start":{"line":10,"column":20},"end":{"line":10,"column":37}},"6":{"start":{"line":12,"column":0},"end":{"line":12,"column":null}},"7":{"start":{"line":22,"column":6},"end":{"line":22,"column":27}},"8":{"start":{"line":23,"column":6},"end":{"line":23,"column":23}},"9":{"start":{"line":25,"column":6},"end":{"line":25,"column":47}},"10":{"start":{"line":28,"column":4},"end":{"line":31,"column":null}},"11":{"start":{"line":29,"column":24},"end":{"line":29,"column":71}},"12":{"start":{"line":30,"column":6},"end":{"line":30,"column":23}},"13":{"start":{"line":33,"column":10},"end":{"line":43,"column":null}},"14":{"start":{"line":34,"column":6},"end":{"line":40,"column":9}},"15":{"start":{"line":35,"column":8},"end":{"line":35,"column":null}},"16":{"start":{"line":35,"column":19},"end":{"line":35,"column":29}},"17":{"start":{"line":36,"column":8},"end":{"line":36,"column":62}},"18":{"start":{"line":37,"column":8},"end":{"line":39,"column":11}},"19":{"start":{"line":37,"column":42},"end":{"line":39,"column":10}},"20":{"start":{"line":38,"column":10},"end":{"line":38,"column":71}},"21":{"start":{"line":42,"column":6},"end":{"line":42,"column":39}},"22":{"start":{"line":44,"column":0},"end":{"line":44,"column":null}}},"fnMap":{"0":{"name":"(anonymous_14)","decl":{"start":{"line":12,"column":0},"end":{"line":12,"column":null}},"loc":{"start":{"line":12,"column":0},"end":{"line":44,"column":null}}},"1":{"name":"ServerHttp","decl":{"start":{"line":21,"column":4},"end":{"line":21,"column":null}},"loc":{"start":{"line":21,"column":4},"end":{"line":26,"column":5}}},"2":{"name":"(anonymous_16)","decl":{"start":{"line":28,"column":4},"end":{"line":28,"column":22}},"loc":{"start":{"line":28,"column":4},"end":{"line":31,"column":5}}},"3":{"name":"(anonymous_17)","decl":{"start":{"line":33,"column":4},"end":{"line":33,"column":10}},"loc":{"start":{"line":33,"column":4},"end":{"line":43,"column":null}}},"4":{"name":"(anonymous_20)","decl":{"start":{"line":34,"column":34},"end":{"line":34,"column":35}},"loc":{"start":{"line":34,"column":38},"end":{"line":40,"column":7}}},"5":{"name":"(anonymous_21)","decl":{"start":{"line":37,"column":42},"end":{"line":37,"column":null}},"loc":{"start":{"line":37,"column":42},"end":{"line":39,"column":10}}}},"branchMap":{"0":{"loc":{"start":{"line":29,"column":24},"end":{"line":29,"column":38}},"type":"binary-expr","locations":[{"start":{"line":29,"column":24},"end":{"line":29,"column":38}},{"start":{"line":29,"column":43},"end":{"line":29,"column":70}}]},"1":{"loc":{"start":{"line":35,"column":8},"end":{"line":35,"column":null}},"type":"if","locations":[{"start":{"line":35,"column":8},"end":{"line":35,"column":null}},{"start":{"line":35,"column":8},"end":{"line":35,"column":null}}]}},"s":{"0":1,"1":1,"2":1,"3":1,"4":1,"5":1,"6":1,"7":1,"8":1,"9":1,"10":1,"11":1,"12":1,"13":1,"14":1,"15":1,"16":0,"17":1,"18":1,"19":1,"20":1,"21":2,"22":1},"f":{"0":1,"1":1,"2":1,"3":1,"4":1,"5":2},"b":{"0":[1,1],"1":[0,1]}}
,"C:\\Users\\siste\\Desktop\\backend\\serverEcommerce\\config\\environment.ts": {"path":"C:\\Users\\siste\\Desktop\\backend\\serverEcommerce\\config\\environment.ts","statementMap":{"0":{"start":{"line":1,"column":13},"end":{"line":1,"column":62}},"1":{"start":{"line":2,"column":13},"end":{"line":2,"column":59}},"2":{"start":{"line":3,"column":13},"end":{"line":3,"column":34}},"3":{"start":{"line":4,"column":13},"end":{"line":4,"column":69}},"4":{"start":{"line":5,"column":13},"end":{"line":5,"column":34}}},"fnMap":{},"branchMap":{"0":{"loc":{"start":{"line":1,"column":29},"end":{"line":1,"column":53}},"type":"binary-expr","locations":[{"start":{"line":1,"column":29},"end":{"line":1,"column":53}},{"start":{"line":1,"column":57},"end":{"line":1,"column":61}}]}},"s":{"0":1,"1":1,"2":1,"3":1,"4":1},"f":{},"b":{"0":[1,1]}}
,"C:\\Users\\siste\\Desktop\\backend\\serverEcommerce\\controladoras\\order.ts": {"path":"C:\\Users\\siste\\Desktop\\backend\\serverEcommerce\\controladoras\\order.ts","statementMap":{"0":{"start":{"line":7,"column":0},"end":{"line":7,"column":37}},"1":{"start":{"line":9,"column":0},"end":{"line":9,"column":37}},"2":{"start":{"line":11,"column":0},"end":{"line":11,"column":null}},"3":{"start":{"line":15,"column":8},"end":{"line":58,"column":null}},"4":{"start":{"line":16,"column":10},"end":{"line":16,"column":75}},"5":{"start":{"line":17,"column":10},"end":{"line":17,"column":98}},"6":{"start":{"line":19,"column":24},"end":{"line":22,"column":null}},"7":{"start":{"line":20,"column":22},"end":{"line":22,"column":9}},"8":{"start":{"line":19,"column":10},"end":{"line":22,"column":null}},"9":{"start":{"line":24,"column":4},"end":{"line":28,"column":null}},"10":{"start":{"line":25,"column":6},"end":{"line":27,"column":9}},"11":{"start":{"line":30,"column":4},"end":{"line":34,"column":null}},"12":{"start":{"line":31,"column":6},"end":{"line":33,"column":9}},"13":{"start":{"line":36,"column":4},"end":{"line":40,"column":null}},"14":{"start":{"line":37,"column":6},"end":{"line":39,"column":9}},"15":{"start":{"line":42,"column":4},"end":{"line":45,"column":null}},"16":{"start":{"line":43,"column":6},"end":{"line":43,"column":35}},"17":{"start":{"line":44,"column":6},"end":{"line":44,"column":34}},"18":{"start":{"line":47,"column":4},"end":{"line":57,"column":7}},"19":{"start":{"line":48,"column":6},"end":{"line":52,"column":null}},"20":{"start":{"line":49,"column":8},"end":{"line":51,"column":11}},"21":{"start":{"line":54,"column":6},"end":{"line":56,"column":9}},"22":{"start":{"line":60,"column":8},"end":{"line":79,"column":null}},"23":{"start":{"line":61,"column":10},"end":{"line":61,"column":54}},"24":{"start":{"line":62,"column":4},"end":{"line":78,"column":7}},"25":{"start":{"line":63,"column":6},"end":{"line":67,"column":null}},"26":{"start":{"line":64,"column":8},"end":{"line":66,"column":11}},"27":{"start":{"line":69,"column":6},"end":{"line":73,"column":null}},"28":{"start":{"line":70,"column":8},"end":{"line":72,"column":11}},"29":{"start":{"line":75,"column":6},"end":{"line":77,"column":9}},"30":{"start":{"line":81,"column":8},"end":{"line":172,"column":null}},"31":{"start":{"line":82,"column":10},"end":{"line":82,"column":75}},"32":{"start":{"line":83,"column":10},"end":{"line":83,"column":98}},"33":{"start":{"line":85,"column":4},"end":{"line":97,"column":null}},"34":{"start":{"line":86,"column":6},"end":{"line":90,"column":null}},"35":{"start":{"line":87,"column":8},"end":{"line":89,"column":11}},"36":{"start":{"line":92,"column":6},"end":{"line":96,"column":null}},"37":{"start":{"line":93,"column":8},"end":{"line":95,"column":11}},"38":{"start":{"line":99,"column":4},"end":{"line":103,"column":null}},"39":{"start":{"line":100,"column":6},"end":{"line":102,"column":9}},"40":{"start":{"line":105,"column":10},"end":{"line":105,"column":60}},"41":{"start":{"line":106,"column":4},"end":{"line":171,"column":7}},"42":{"start":{"line":106,"column":44},"end":{"line":171,"column":6}},"43":{"start":{"line":107,"column":6},"end":{"line":111,"column":null}},"44":{"start":{"line":108,"column":8},"end":{"line":110,"column":11}},"45":{"start":{"line":113,"column":6},"end":{"line":117,"column":null}},"46":{"start":{"line":114,"column":8},"end":{"line":116,"column":11}},"47":{"start":{"line":119,"column":6},"end":{"line":148,"column":null}},"48":{"start":{"line":121,"column":10},"end":{"line":127,"column":null}},"49":{"start":{"line":122,"column":12},"end":{"line":126,"column":null}},"50":{"start":{"line":123,"column":14},"end":{"line":125,"column":17}},"51":{"start":{"line":128,"column":10},"end":{"line":128,"column":16}},"52":{"start":{"line":130,"column":10},"end":{"line":134,"column":null}},"53":{"start":{"line":131,"column":12},"end":{"line":133,"column":15}},"54":{"start":{"line":135,"column":10},"end":{"line":135,"column":16}},"55":{"start":{"line":137,"column":10},"end":{"line":141,"column":null}},"56":{"start":{"line":138,"column":12},"end":{"line":140,"column":15}},"57":{"start":{"line":142,"column":10},"end":{"line":142,"column":16}},"58":{"start":{"line":145,"column":10},"end":{"line":147,"column":13}},"59":{"start":{"line":150,"column":6},"end":{"line":153,"column":null}},"60":{"start":{"line":151,"column":8},"end":{"line":151,"column":50}},"61":{"start":{"line":152,"column":8},"end":{"line":152,"column":52}},"62":{"start":{"line":155,"column":6},"end":{"line":155,"column":36}},"63":{"start":{"line":156,"column":6},"end":{"line":156,"column":42}},"64":{"start":{"line":157,"column":6},"end":{"line":157,"column":46}},"65":{"start":{"line":160,"column":6},"end":{"line":170,"column":9}},"66":{"start":{"line":161,"column":8},"end":{"line":165,"column":null}},"67":{"start":{"line":162,"column":10},"end":{"line":164,"column":13}},"68":{"start":{"line":167,"column":8},"end":{"line":169,"column":11}},"69":{"start":{"line":174,"column":8},"end":{"line":189,"column":null}},"70":{"start":{"line":175,"column":4},"end":{"line":188,"column":7}},"71":{"start":{"line":176,"column":20},"end":{"line":176,"column":55}},"72":{"start":{"line":177,"column":6},"end":{"line":187,"column":9}},"73":{"start":{"line":178,"column":8},"end":{"line":180,"column":null}},"74":{"start":{"line":179,"column":10},"end":{"line":179,"column":29}},"75":{"start":{"line":182,"column":8},"end":{"line":184,"column":null}},"76":{"start":{"line":183,"column":10},"end":{"line":183,"column":32}},"77":{"start":{"line":186,"column":8},"end":{"line":186,"column":29}},"78":{"start":{"line":190,"column":0},"end":{"line":190,"column":null}}},"fnMap":{"0":{"name":"(anonymous_14)","decl":{"start":{"line":11,"column":0},"end":{"line":11,"column":null}},"loc":{"start":{"line":11,"column":0},"end":{"line":190,"column":null}}},"1":{"name":"OrderService","decl":{"start":{"line":13,"column":2},"end":{"line":13,"column":17}},"loc":{"start":{"line":13,"column":2},"end":{"line":13,"column":18}}},"2":{"name":"(anonymous_16)","decl":{"start":{"line":15,"column":2},"end":{"line":15,"column":8}},"loc":{"start":{"line":15,"column":52},"end":{"line":58,"column":null}}},"3":{"name":"(anonymous_19)","decl":{"start":{"line":20,"column":13},"end":{"line":20,"column":14}},"loc":{"start":{"line":20,"column":17},"end":{"line":20,"column":30}}},"4":{"name":"(anonymous_20)","decl":{"start":{"line":47,"column":30},"end":{"line":47,"column":31}},"loc":{"start":{"line":47,"column":53},"end":{"line":57,"column":5}}},"5":{"name":"(anonymous_21)","decl":{"start":{"line":60,"column":2},"end":{"line":60,"column":8}},"loc":{"start":{"line":60,"column":55},"end":{"line":79,"column":null}}},"6":{"name":"(anonymous_24)","decl":{"start":{"line":62,"column":21},"end":{"line":62,"column":22}},"loc":{"start":{"line":62,"column":44},"end":{"line":78,"column":5}}},"7":{"name":"(anonymous_25)","decl":{"start":{"line":81,"column":2},"end":{"line":81,"column":8}},"loc":{"start":{"line":81,"column":57},"end":{"line":172,"column":null}}},"8":{"name":"(anonymous_28)","decl":{"start":{"line":106,"column":15},"end":{"line":106,"column":22}},"loc":{"start":{"line":106,"column":44},"end":{"line":171,"column":6}}},"9":{"name":"(anonymous_29)","decl":{"start":{"line":106,"column":44},"end":{"line":106,"column":null}},"loc":{"start":{"line":106,"column":44},"end":{"line":171,"column":6}}},"10":{"name":"(anonymous_31)","decl":{"start":{"line":160,"column":25},"end":{"line":160,"column":26}},"loc":{"start":{"line":160,"column":48},"end":{"line":170,"column":7}}},"11":{"name":"(anonymous_32)","decl":{"start":{"line":174,"column":2},"end":{"line":174,"column":8}},"loc":{"start":{"line":174,"column":37},"end":{"line":189,"column":null}}},"12":{"name":"(anonymous_35)","decl":{"start":{"line":175,"column":23},"end":{"line":175,"column":24}},"loc":{"start":{"line":175,"column":39},"end":{"line":188,"column":5}}},"13":{"name":"(anonymous_36)","decl":{"start":{"line":177,"column":17},"end":{"line":177,"column":18}},"loc":{"start":{"line":177,"column":40},"end":{"line":187,"column":7}}}},"branchMap":{"0":{"loc":{"start":{"line":24,"column":4},"end":{"line":28,"column":null}},"type":"if","locations":[{"start":{"line":24,"column":4},"end":{"line":28,"column":null}},{"start":{"line":24,"column":4},"end":{"line":28,"column":null}}]},"1":{"loc":{"start":{"line":30,"column":4},"end":{"line":34,"column":null}},"type":"if","locations":[{"start":{"line":30,"column":4},"end":{"line":34,"column":null}},{"start":{"line":30,"column":4},"end":{"line":34,"column":null}}]},"2":{"loc":{"start":{"line":36,"column":4},"end":{"line":40,"column":null}},"type":"if","locations":[{"start":{"line":36,"column":4},"end":{"line":40,"column":null}},{"start":{"line":36,"column":4},"end":{"line":40,"column":null}}]},"3":{"loc":{"start":{"line":42,"column":4},"end":{"line":45,"column":null}},"type":"if","locations":[{"start":{"line":42,"column":4},"end":{"line":45,"column":null}},{"start":{"line":42,"column":4},"end":{"line":45,"column":null}}]},"4":{"loc":{"start":{"line":42,"column":8},"end":{"line":42,"column":27}},"type":"binary-expr","locations":[{"start":{"line":42,"column":8},"end":{"line":42,"column":27}},{"start":{"line":42,"column":31},"end":{"line":42,"column":49}}]},"5":{"loc":{"start":{"line":48,"column":6},"end":{"line":52,"column":null}},"type":"if","locations":[{"start":{"line":48,"column":6},"end":{"line":52,"column":null}},{"start":{"line":48,"column":6},"end":{"line":52,"column":null}}]},"6":{"loc":{"start":{"line":63,"column":6},"end":{"line":67,"column":null}},"type":"if","locations":[{"start":{"line":63,"column":6},"end":{"line":67,"column":null}},{"start":{"line":63,"column":6},"end":{"line":67,"column":null}}]},"7":{"loc":{"start":{"line":69,"column":6},"end":{"line":73,"column":null}},"type":"if","locations":[{"start":{"line":69,"column":6},"end":{"line":73,"column":null}},{"start":{"line":69,"column":6},"end":{"line":73,"column":null}}]},"8":{"loc":{"start":{"line":85,"column":4},"end":{"line":97,"column":null}},"type":"if","locations":[{"start":{"line":85,"column":4},"end":{"line":97,"column":null}},{"start":{"line":85,"column":4},"end":{"line":97,"column":null}}]},"9":{"loc":{"start":{"line":86,"column":6},"end":{"line":90,"column":null}},"type":"if","locations":[{"start":{"line":86,"column":6},"end":{"line":90,"column":null}},{"start":{"line":86,"column":6},"end":{"line":90,"column":null}}]},"10":{"loc":{"start":{"line":86,"column":10},"end":{"line":86,"column":29}},"type":"binary-expr","locations":[{"start":{"line":86,"column":10},"end":{"line":86,"column":29}},{"start":{"line":86,"column":33},"end":{"line":86,"column":62}},{"start":{"line":86,"column":66},"end":{"line":86,"column":92}}]},"11":{"loc":{"start":{"line":92,"column":6},"end":{"line":96,"column":null}},"type":"if","locations":[{"start":{"line":92,"column":6},"end":{"line":96,"column":null}},{"start":{"line":92,"column":6},"end":{"line":96,"column":null}}]},"12":{"loc":{"start":{"line":92,"column":10},"end":{"line":92,"column":30}},"type":"binary-expr","locations":[{"start":{"line":92,"column":10},"end":{"line":92,"column":30}},{"start":{"line":92,"column":34},"end":{"line":92,"column":64}},{"start":{"line":92,"column":68},"end":{"line":92,"column":95}}]},"13":{"loc":{"start":{"line":99,"column":4},"end":{"line":103,"column":null}},"type":"if","locations":[{"start":{"line":99,"column":4},"end":{"line":103,"column":null}},{"start":{"line":99,"column":4},"end":{"line":103,"column":null}}]},"14":{"loc":{"start":{"line":107,"column":6},"end":{"line":111,"column":null}},"type":"if","locations":[{"start":{"line":107,"column":6},"end":{"line":111,"column":null}},{"start":{"line":107,"column":6},"end":{"line":111,"column":null}}]},"15":{"loc":{"start":{"line":113,"column":6},"end":{"line":117,"column":null}},"type":"if","locations":[{"start":{"line":113,"column":6},"end":{"line":117,"column":null}},{"start":{"line":113,"column":6},"end":{"line":117,"column":null}}]},"16":{"loc":{"start":{"line":120,"column":8},"end":{"line":128,"column":16}},"type":"switch","locations":[{"start":{"line":120,"column":8},"end":{"line":128,"column":16}},{"start":{"line":129,"column":8},"end":{"line":135,"column":16}},{"start":{"line":136,"column":8},"end":{"line":142,"column":16}},{"start":{"line":144,"column":8},"end":{"line":147,"column":13}}]},"17":{"loc":{"start":{"line":121,"column":10},"end":{"line":127,"column":null}},"type":"if","locations":[{"start":{"line":121,"column":10},"end":{"line":127,"column":null}},{"start":{"line":121,"column":10},"end":{"line":127,"column":null}}]},"18":{"loc":{"start":{"line":122,"column":12},"end":{"line":126,"column":null}},"type":"if","locations":[{"start":{"line":122,"column":12},"end":{"line":126,"column":null}},{"start":{"line":122,"column":12},"end":{"line":126,"column":null}}]},"19":{"loc":{"start":{"line":130,"column":10},"end":{"line":134,"column":null}},"type":"if","locations":[{"start":{"line":130,"column":10},"end":{"line":134,"column":null}},{"start":{"line":130,"column":10},"end":{"line":134,"column":null}}]},"20":{"loc":{"start":{"line":137,"column":10},"end":{"line":141,"column":null}},"type":"if","locations":[{"start":{"line":137,"column":10},"end":{"line":141,"column":null}},{"start":{"line":137,"column":10},"end":{"line":141,"column":null}}]},"21":{"loc":{"start":{"line":150,"column":6},"end":{"line":153,"column":null}},"type":"if","locations":[{"start":{"line":150,"column":6},"end":{"line":153,"column":null}},{"start":{"line":150,"column":6},"end":{"line":153,"column":null}}]},"22":{"loc":{"start":{"line":161,"column":8},"end":{"line":165,"column":null}},"type":"if","locations":[{"start":{"line":161,"column":8},"end":{"line":165,"column":null}},{"start":{"line":161,"column":8},"end":{"line":165,"column":null}}]},"23":{"loc":{"start":{"line":178,"column":8},"end":{"line":180,"column":null}},"type":"if","locations":[{"start":{"line":178,"column":8},"end":{"line":180,"column":null}},{"start":{"line":178,"column":8},"end":{"line":180,"column":null}}]},"24":{"loc":{"start":{"line":182,"column":8},"end":{"line":184,"column":null}},"type":"if","locations":[{"start":{"line":182,"column":8},"end":{"line":184,"column":null}},{"start":{"line":182,"column":8},"end":{"line":184,"column":null}}]}},"s":{"0":1,"1":1,"2":1,"3":1,"4":1,"5":1,"6":1,"7":0,"8":1,"9":1,"10":0,"11":1,"12":0,"13":1,"14":0,"15":1,"16":0,"17":0,"18":2,"19":1,"20":0,"21":1,"22":1,"23":2,"24":4,"25":2,"26":0,"27":2,"28":0,"29":2,"30":1,"31":13,"32":13,"33":13,"34":3,"35":2,"36":1,"37":0,"38":11,"39":1,"40":10,"41":10,"42":10,"43":10,"44":0,"45":10,"46":0,"47":10,"48":2,"49":1,"50":1,"51":1,"52":4,"53":3,"54":1,"55":4,"56":3,"57":1,"58":0,"59":3,"60":1,"61":1,"62":3,"63":3,"64":3,"65":6,"66":3,"67":0,"68":3,"69":1,"70":1,"71":1,"72":1,"73":1,"74":0,"75":1,"76":1,"77":0,"78":1},"f":{"0":1,"1":1,"2":1,"3":0,"4":1,"5":2,"6":2,"7":13,"8":10,"9":10,"10":3,"11":1,"12":1,"13":1},"b":{"0":[0,1],"1":[0,1],"2":[0,1],"3":[0,1],"4":[1,1],"5":[0,1],"6":[0,2],"7":[0,2],"8":[3,10],"9":[2,1],"10":[3,1,1],"11":[0,1],"12":[1,1,1],"13":[1,10],"14":[0,10],"15":[0,10],"16":[2,4,4,0],"17":[1,1],"18":[1,0],"19":[3,1],"20":[3,1],"21":[1,2],"22":[0,3],"23":[0,1],"24":[1,0]}}
,"C:\\Users\\siste\\Desktop\\backend\\serverEcommerce\\controladoras\\user.ts": {"path":"C:\\Users\\siste\\Desktop\\backend\\serverEcommerce\\controladoras\\user.ts","statementMap":{"0":{"start":{"line":11,"column":0},"end":{"line":11,"column":35}},"1":{"start":{"line":12,"column":0},"end":{"line":12,"column":52}},"2":{"start":{"line":15,"column":0},"end":{"line":15,"column":null}},"3":{"start":{"line":139,"column":4},"end":{"line":152,"column":6}},"4":{"start":{"line":16,"column":8},"end":{"line":32,"column":null}},"5":{"start":{"line":17,"column":35},"end":{"line":17,"column":null}},"6":{"start":{"line":17,"column":10},"end":{"line":17,"column":35}},"7":{"start":{"line":18,"column":4},"end":{"line":18,"column":36}},"8":{"start":{"line":19,"column":4},"end":{"line":19,"column":24}},"9":{"start":{"line":21,"column":4},"end":{"line":31,"column":7}},"10":{"start":{"line":22,"column":6},"end":{"line":26,"column":null}},"11":{"start":{"line":23,"column":8},"end":{"line":25,"column":11}},"12":{"start":{"line":28,"column":6},"end":{"line":30,"column":9}},"13":{"start":{"line":34,"column":8},"end":{"line":54,"column":null}},"14":{"start":{"line":35,"column":10},"end":{"line":35,"column":32}},"15":{"start":{"line":36,"column":4},"end":{"line":36,"column":37}},"16":{"start":{"line":37,"column":4},"end":{"line":53,"column":7}},"17":{"start":{"line":38,"column":6},"end":{"line":42,"column":null}},"18":{"start":{"line":39,"column":8},"end":{"line":41,"column":11}},"19":{"start":{"line":44,"column":6},"end":{"line":48,"column":null}},"20":{"start":{"line":45,"column":8},"end":{"line":47,"column":11}},"21":{"start":{"line":50,"column":6},"end":{"line":52,"column":9}},"22":{"start":{"line":56,"column":8},"end":{"line":96,"column":null}},"23":{"start":{"line":57,"column":10},"end":{"line":57,"column":42}},"24":{"start":{"line":58,"column":4},"end":{"line":95,"column":7}},"25":{"start":{"line":58,"column":43},"end":{"line":95,"column":6}},"26":{"start":{"line":59,"column":6},"end":{"line":63,"column":null}},"27":{"start":{"line":60,"column":8},"end":{"line":62,"column":11}},"28":{"start":{"line":65,"column":6},"end":{"line":69,"column":null}},"29":{"start":{"line":66,"column":8},"end":{"line":68,"column":11}},"30":{"start":{"line":71,"column":12},"end":{"line":71,"column":69}},"31":{"start":{"line":73,"column":6},"end":{"line":77,"column":null}},"32":{"start":{"line":74,"column":8},"end":{"line":76,"column":11}},"33":{"start":{"line":79,"column":12},"end":{"line":85,"column":8}},"34":{"start":{"line":87,"column":20},"end":{"line":90,"column":null}},"35":{"start":{"line":88,"column":24},"end":{"line":90,"column":11}},"36":{"start":{"line":87,"column":12},"end":{"line":90,"column":null}},"37":{"start":{"line":92,"column":6},"end":{"line":94,"column":9}},"38":{"start":{"line":98,"column":8},"end":{"line":115,"column":null}},"39":{"start":{"line":99,"column":10},"end":{"line":99,"column":32}},"40":{"start":{"line":100,"column":4},"end":{"line":114,"column":7}},"41":{"start":{"line":100,"column":44},"end":{"line":114,"column":6}},"42":{"start":{"line":101,"column":6},"end":{"line":103,"column":null}},"43":{"start":{"line":102,"column":8},"end":{"line":102,"column":19}},"44":{"start":{"line":105,"column":10},"end":{"line":105,"column":17}},"45":{"start":{"line":106,"column":8},"end":{"line":106,"column":45}},"46":{"start":{"line":107,"column":43},"end":{"line":107,"column":null}},"47":{"start":{"line":107,"column":30},"end":{"line":107,"column":null}},"48":{"start":{"line":107,"column":19},"end":{"line":107,"column":30}},"49":{"start":{"line":108,"column":10},"end":{"line":108,"column":57}},"50":{"start":{"line":109,"column":10},"end":{"line":111,"column":13}},"51":{"start":{"line":110,"column":12},"end":{"line":110,"column":43}},"52":{"start":{"line":117,"column":8},"end":{"line":137,"column":null}},"53":{"start":{"line":118,"column":10},"end":{"line":118,"column":44}},"54":{"start":{"line":119,"column":4},"end":{"line":119,"column":40}},"55":{"start":{"line":120,"column":4},"end":{"line":136,"column":7}},"56":{"start":{"line":121,"column":6},"end":{"line":125,"column":null}},"57":{"start":{"line":122,"column":8},"end":{"line":124,"column":11}},"58":{"start":{"line":127,"column":6},"end":{"line":131,"column":null}},"59":{"start":{"line":128,"column":8},"end":{"line":130,"column":11}},"60":{"start":{"line":133,"column":6},"end":{"line":135,"column":9}},"61":{"start":{"line":153,"column":0},"end":{"line":153,"column":null}}},"fnMap":{"0":{"name":"(anonymous_20)","decl":{"start":{"line":15,"column":0},"end":{"line":15,"column":null}},"loc":{"start":{"line":15,"column":0},"end":{"line":153,"column":null}}},"1":{"name":"(anonymous_22)","decl":{"start":{"line":16,"column":2},"end":{"line":16,"column":8}},"loc":{"start":{"line":16,"column":55},"end":{"line":32,"column":null}}},"2":{"name":"(anonymous_25)","decl":{"start":{"line":21,"column":25},"end":{"line":21,"column":26}},"loc":{"start":{"line":21,"column":47},"end":{"line":31,"column":5}}},"3":{"name":"(anonymous_26)","decl":{"start":{"line":34,"column":2},"end":{"line":34,"column":8}},"loc":{"start":{"line":34,"column":41},"end":{"line":54,"column":null}}},"4":{"name":"(anonymous_29)","decl":{"start":{"line":37,"column":21},"end":{"line":37,"column":22}},"loc":{"start":{"line":37,"column":44},"end":{"line":53,"column":5}}},"5":{"name":"(anonymous_30)","decl":{"start":{"line":56,"column":2},"end":{"line":56,"column":8}},"loc":{"start":{"line":56,"column":72},"end":{"line":96,"column":null}}},"6":{"name":"(anonymous_33)","decl":{"start":{"line":58,"column":15},"end":{"line":58,"column":22}},"loc":{"start":{"line":58,"column":43},"end":{"line":95,"column":6}}},"7":{"name":"(anonymous_34)","decl":{"start":{"line":58,"column":43},"end":{"line":58,"column":null}},"loc":{"start":{"line":58,"column":43},"end":{"line":95,"column":6}}},"8":{"name":"(anonymous_36)","decl":{"start":{"line":88,"column":15},"end":{"line":88,"column":16}},"loc":{"start":{"line":88,"column":19},"end":{"line":88,"column":32}}},"9":{"name":"(anonymous_37)","decl":{"start":{"line":98,"column":2},"end":{"line":98,"column":8}},"loc":{"start":{"line":98,"column":2},"end":{"line":115,"column":null}}},"10":{"name":"(anonymous_40)","decl":{"start":{"line":100,"column":15},"end":{"line":100,"column":22}},"loc":{"start":{"line":100,"column":44},"end":{"line":114,"column":6}}},"11":{"name":"(anonymous_41)","decl":{"start":{"line":100,"column":44},"end":{"line":100,"column":null}},"loc":{"start":{"line":100,"column":44},"end":{"line":114,"column":6}}},"12":{"name":"(anonymous_43)","decl":{"start":{"line":109,"column":43},"end":{"line":109,"column":44}},"loc":{"start":{"line":109,"column":64},"end":{"line":111,"column":11}}},"13":{"name":"(anonymous_44)","decl":{"start":{"line":117,"column":2},"end":{"line":117,"column":8}},"loc":{"start":{"line":117,"column":52},"end":{"line":137,"column":null}}},"14":{"name":"(anonymous_47)","decl":{"start":{"line":120,"column":21},"end":{"line":120,"column":22}},"loc":{"start":{"line":120,"column":43},"end":{"line":136,"column":5}}}},"branchMap":{"0":{"loc":{"start":{"line":17,"column":35},"end":{"line":17,"column":null}},"type":"switch","locations":[{"start":{"line":17,"column":35},"end":{"line":17,"column":null}}]},"1":{"loc":{"start":{"line":22,"column":6},"end":{"line":26,"column":null}},"type":"if","locations":[{"start":{"line":22,"column":6},"end":{"line":26,"column":null}},{"start":{"line":22,"column":6},"end":{"line":26,"column":null}}]},"2":{"loc":{"start":{"line":38,"column":6},"end":{"line":42,"column":null}},"type":"if","locations":[{"start":{"line":38,"column":6},"end":{"line":42,"column":null}},{"start":{"line":38,"column":6},"end":{"line":42,"column":null}}]},"3":{"loc":{"start":{"line":44,"column":6},"end":{"line":48,"column":null}},"type":"if","locations":[{"start":{"line":44,"column":6},"end":{"line":48,"column":null}},{"start":{"line":44,"column":6},"end":{"line":48,"column":null}}]},"4":{"loc":{"start":{"line":59,"column":6},"end":{"line":63,"column":null}},"type":"if","locations":[{"start":{"line":59,"column":6},"end":{"line":63,"column":null}},{"start":{"line":59,"column":6},"end":{"line":63,"column":null}}]},"5":{"loc":{"start":{"line":65,"column":6},"end":{"line":69,"column":null}},"type":"if","locations":[{"start":{"line":65,"column":6},"end":{"line":69,"column":null}},{"start":{"line":65,"column":6},"end":{"line":69,"column":null}}]},"6":{"loc":{"start":{"line":73,"column":6},"end":{"line":77,"column":null}},"type":"if","locations":[{"start":{"line":73,"column":6},"end":{"line":77,"column":null}},{"start":{"line":73,"column":6},"end":{"line":77,"column":null}}]},"7":{"loc":{"start":{"line":101,"column":6},"end":{"line":103,"column":null}},"type":"if","locations":[{"start":{"line":101,"column":6},"end":{"line":103,"column":null}},{"start":{"line":101,"column":6},"end":{"line":103,"column":null}}]},"8":{"loc":{"start":{"line":105,"column":10},"end":{"line":105,"column":17}},"type":"if","locations":[{"start":{"line":105,"column":10},"end":{"line":105,"column":17}},{"start":{"line":105,"column":10},"end":{"line":105,"column":17}}]},"9":{"loc":{"start":{"line":107,"column":30},"end":{"line":107,"column":null}},"type":"if","locations":[{"start":{"line":107,"column":30},"end":{"line":107,"column":null}},{"start":{"line":107,"column":30},"end":{"line":107,"column":null}}]},"10":{"loc":{"start":{"line":121,"column":6},"end":{"line":125,"column":null}},"type":"if","locations":[{"start":{"line":121,"column":6},"end":{"line":125,"column":null}},{"start":{"line":121,"column":6},"end":{"line":125,"column":null}}]},"11":{"loc":{"start":{"line":127,"column":6},"end":{"line":131,"column":null}},"type":"if","locations":[{"start":{"line":127,"column":6},"end":{"line":131,"column":null}},{"start":{"line":127,"column":6},"end":{"line":131,"column":null}}]}},"s":{"0":1,"1":1,"2":1,"3":3,"4":1,"5":1,"6":1,"7":1,"8":1,"9":1,"10":1,"11":0,"12":1,"13":1,"14":1,"15":1,"16":2,"17":1,"18":0,"19":1,"20":0,"21":1,"22":1,"23":1,"24":1,"25":1,"26":1,"27":0,"28":1,"29":0,"30":1,"31":1,"32":0,"33":1,"34":1,"35":0,"36":1,"37":1,"38":1,"39":1,"40":1,"41":1,"42":1,"43":0,"44":2,"45":0,"46":0,"47":0,"48":0,"49":0,"50":0,"51":0,"52":1,"53":18,"54":18,"55":36,"56":18,"57":0,"58":18,"59":0,"60":18,"61":1},"f":{"0":4,"1":1,"2":1,"3":1,"4":1,"5":1,"6":1,"7":1,"8":0,"9":1,"10":1,"11":1,"12":0,"13":18,"14":18},"b":{"0":[1],"1":[0,1],"2":[0,1],"3":[0,1],"4":[0,1],"5":[0,1],"6":[0,1],"7":[0,1],"8":[1,0],"9":[0,0],"10":[0,18],"11":[0,18]}}
,"C:\\Users\\siste\\Desktop\\backend\\serverEcommerce\\funciones\\encriptar.ts": {"path":"C:\\Users\\siste\\Desktop\\backend\\serverEcommerce\\funciones\\encriptar.ts","statementMap":{"0":{"start":{"line":1,"column":0},"end":{"line":1,"column":28}},"1":{"start":{"line":2,"column":0},"end":{"line":2,"column":31}},"2":{"start":{"line":3,"column":0},"end":{"line":3,"column":53}},"3":{"start":{"line":6,"column":2},"end":{"line":8,"column":22}},"4":{"start":{"line":5,"column":0},"end":{"line":5,"column":16}},"5":{"start":{"line":12,"column":2},"end":{"line":14,"column":null}},"6":{"start":{"line":13,"column":4},"end":{"line":13,"column":25}},"7":{"start":{"line":16,"column":2},"end":{"line":18,"column":null}},"8":{"start":{"line":17,"column":4},"end":{"line":17,"column":96}},"9":{"start":{"line":20,"column":2},"end":{"line":20,"column":15}},"10":{"start":{"line":11,"column":0},"end":{"line":11,"column":16}},"11":{"start":{"line":24,"column":15},"end":{"line":24,"column":64}},"12":{"start":{"line":25,"column":2},"end":{"line":25,"column":40}},"13":{"start":{"line":26,"column":23},"end":{"line":26,"column":41}},"14":{"start":{"line":28,"column":2},"end":{"line":31,"column":4}},"15":{"start":{"line":23,"column":0},"end":{"line":23,"column":16}},"16":{"start":{"line":35,"column":8},"end":{"line":35,"column":35}},"17":{"start":{"line":36,"column":2},"end":{"line":36,"column":40}},"18":{"start":{"line":34,"column":0},"end":{"line":34,"column":22}},"19":{"start":{"line":40,"column":2},"end":{"line":49,"column":5}},"20":{"start":{"line":41,"column":4},"end":{"line":48,"column":7}},"21":{"start":{"line":44,"column":6},"end":{"line":46,"column":null}},"22":{"start":{"line":45,"column":8},"end":{"line":45,"column":26}},"23":{"start":{"line":47,"column":6},"end":{"line":47,"column":28}},"24":{"start":{"line":39,"column":0},"end":{"line":39,"column":16}},"25":{"start":{"line":53,"column":2},"end":{"line":53,"column":15}},"26":{"start":{"line":52,"column":0},"end":{"line":52,"column":16}}},"fnMap":{"0":{"name":"genRandomString","decl":{"start":{"line":5,"column":16},"end":{"line":5,"column":31}},"loc":{"start":{"line":5,"column":46},"end":{"line":9,"column":1}}},"1":{"name":"getStringValue","decl":{"start":{"line":11,"column":16},"end":{"line":11,"column":30}},"loc":{"start":{"line":11,"column":41},"end":{"line":21,"column":1}}},"2":{"name":"sha512","decl":{"start":{"line":23,"column":16},"end":{"line":23,"column":22}},"loc":{"start":{"line":23,"column":53},"end":{"line":32,"column":1}}},"3":{"name":"genPassword","decl":{"start":{"line":34,"column":22},"end":{"line":34,"column":33}},"loc":{"start":{"line":34,"column":50},"end":{"line":37,"column":null}}},"4":{"name":"generarToken","decl":{"start":{"line":39,"column":16},"end":{"line":39,"column":28}},"loc":{"start":{"line":39,"column":41},"end":{"line":50,"column":1}}},"5":{"name":"(anonymous_27)","decl":{"start":{"line":40,"column":21},"end":{"line":40,"column":22}},"loc":{"start":{"line":40,"column":36},"end":{"line":49,"column":3}}},"6":{"name":"(anonymous_28)","decl":{"start":{"line":43,"column":7},"end":{"line":43,"column":8}},"loc":{"start":{"line":43,"column":18},"end":{"line":48,"column":5}}},"7":{"name":"suma","decl":{"start":{"line":52,"column":16},"end":{"line":52,"column":20}},"loc":{"start":{"line":52,"column":41},"end":{"line":54,"column":1}}}},"branchMap":{"0":{"loc":{"start":{"line":12,"column":2},"end":{"line":14,"column":null}},"type":"if","locations":[{"start":{"line":12,"column":2},"end":{"line":14,"column":null}},{"start":{"line":12,"column":2},"end":{"line":14,"column":null}}]},"1":{"loc":{"start":{"line":12,"column":6},"end":{"line":12,"column":31}},"type":"binary-expr","locations":[{"start":{"line":12,"column":6},"end":{"line":12,"column":31}},{"start":{"line":12,"column":35},"end":{"line":12,"column":58}}]},"2":{"loc":{"start":{"line":16,"column":2},"end":{"line":18,"column":null}},"type":"if","locations":[{"start":{"line":16,"column":2},"end":{"line":18,"column":null}},{"start":{"line":16,"column":2},"end":{"line":18,"column":null}}]},"3":{"loc":{"start":{"line":16,"column":6},"end":{"line":16,"column":29}},"type":"binary-expr","locations":[{"start":{"line":16,"column":6},"end":{"line":16,"column":29}},{"start":{"line":16,"column":33},"end":{"line":16,"column":58}}]},"4":{"loc":{"start":{"line":44,"column":6},"end":{"line":46,"column":null}},"type":"if","locations":[{"start":{"line":44,"column":6},"end":{"line":46,"column":null}},{"start":{"line":44,"column":6},"end":{"line":46,"column":null}}]}},"s":{"0":1,"1":1,"2":1,"3":1,"4":1,"5":4,"6":0,"7":4,"8":0,"9":4,"10":1,"11":2,"12":2,"13":2,"14":2,"15":1,"16":1,"17":1,"18":1,"19":1,"20":1,"21":1,"22":0,"23":1,"24":1,"25":0,"26":1},"f":{"0":1,"1":4,"2":2,"3":1,"4":1,"5":1,"6":1,"7":0},"b":{"0":[0,4],"1":[4,4],"2":[0,4],"3":[4,4],"4":[0,1]}}
,"C:\\Users\\siste\\Desktop\\backend\\serverEcommerce\\middlewares\\autenticacion.ts": {"path":"C:\\Users\\siste\\Desktop\\backend\\serverEcommerce\\middlewares\\autenticacion.ts","statementMap":{"0":{"start":{"line":6,"column":0},"end":{"line":6,"column":38}},"1":{"start":{"line":7,"column":0},"end":{"line":7,"column":55}},"2":{"start":{"line":8,"column":0},"end":{"line":8,"column":48}},"3":{"start":{"line":11,"column":20},"end":{"line":11,"column":37}},"4":{"start":{"line":14,"column":8},"end":{"line":14,"column":47}},"5":{"start":{"line":16,"column":2},"end":{"line":29,"column":5}},"6":{"start":{"line":16,"column":66},"end":{"line":29,"column":4}},"7":{"start":{"line":17,"column":4},"end":{"line":19,"column":null}},"8":{"start":{"line":18,"column":6},"end":{"line":18,"column":98}},"9":{"start":{"line":21,"column":4},"end":{"line":28,"column":7}},"10":{"start":{"line":22,"column":6},"end":{"line":27,"column":null}},"11":{"start":{"line":23,"column":8},"end":{"line":23,"column":37}},"12":{"start":{"line":24,"column":8},"end":{"line":24,"column":15}},"13":{"start":{"line":26,"column":8},"end":{"line":26,"column":60}},"14":{"start":{"line":13,"column":0},"end":{"line":13,"column":22}}},"fnMap":{"0":{"name":"verifyToken","decl":{"start":{"line":13,"column":22},"end":{"line":13,"column":33}},"loc":{"start":{"line":13,"column":81},"end":{"line":30,"column":null}}},"1":{"name":"(anonymous_17)","decl":{"start":{"line":16,"column":32},"end":{"line":16,"column":39}},"loc":{"start":{"line":16,"column":66},"end":{"line":29,"column":4}}},"2":{"name":"(anonymous_18)","decl":{"start":{"line":16,"column":66},"end":{"line":16,"column":null}},"loc":{"start":{"line":16,"column":66},"end":{"line":29,"column":4}}},"3":{"name":"(anonymous_20)","decl":{"start":{"line":21,"column":53},"end":{"line":21,"column":54}},"loc":{"start":{"line":21,"column":74},"end":{"line":28,"column":5}}}},"branchMap":{"0":{"loc":{"start":{"line":17,"column":4},"end":{"line":19,"column":null}},"type":"if","locations":[{"start":{"line":17,"column":4},"end":{"line":19,"column":null}},{"start":{"line":17,"column":4},"end":{"line":19,"column":null}}]},"1":{"loc":{"start":{"line":22,"column":6},"end":{"line":27,"column":null}},"type":"if","locations":[{"start":{"line":22,"column":6},"end":{"line":27,"column":null}},{"start":{"line":22,"column":6},"end":{"line":27,"column":null}}]}},"s":{"0":1,"1":1,"2":1,"3":1,"4":18,"5":18,"6":18,"7":18,"8":0,"9":36,"10":18,"11":18,"12":18,"13":0,"14":1},"f":{"0":18,"1":18,"2":18,"3":18},"b":{"0":[0,18],"1":[18,0]}}
,"C:\\Users\\siste\\Desktop\\backend\\serverEcommerce\\modelos\\order.ts": {"path":"C:\\Users\\siste\\Desktop\\backend\\serverEcommerce\\modelos\\order.ts","statementMap":{"0":{"start":{"line":1,"column":0},"end":{"line":1,"column":44}},"1":{"start":{"line":3,"column":28},"end":{"line":10,"column":28}},"2":{"start":{"line":12,"column":0},"end":{"line":12,"column":52}}},"fnMap":{},"branchMap":{},"s":{"0":1,"1":1,"2":1},"f":{},"b":{}}
,"C:\\Users\\siste\\Desktop\\backend\\serverEcommerce\\modelos\\user.ts": {"path":"C:\\Users\\siste\\Desktop\\backend\\serverEcommerce\\modelos\\user.ts","statementMap":{"0":{"start":{"line":1,"column":0},"end":{"line":1,"column":44}},"1":{"start":{"line":3,"column":27},"end":{"line":9,"column":27}},"2":{"start":{"line":11,"column":0},"end":{"line":11,"column":50}}},"fnMap":{},"branchMap":{},"s":{"0":1,"1":1,"2":1},"f":{},"b":{}}
,"C:\\Users\\siste\\Desktop\\backend\\serverEcommerce\\rutas\\order.ts": {"path":"C:\\Users\\siste\\Desktop\\backend\\serverEcommerce\\rutas\\order.ts","statementMap":{"0":{"start":{"line":4,"column":0},"end":{"line":4,"column":52}},"1":{"start":{"line":5,"column":0},"end":{"line":5,"column":50}},"2":{"start":{"line":7,"column":0},"end":{"line":7,"column":59}},"3":{"start":{"line":9,"column":20},"end":{"line":9,"column":28}},"4":{"start":{"line":10,"column":21},"end":{"line":10,"column":39}},"5":{"start":{"line":12,"column":0},"end":{"line":22,"column":3}},"6":{"start":{"line":12,"column":84},"end":{"line":22,"column":2}},"7":{"start":{"line":13,"column":10},"end":{"line":13,"column":22}},"8":{"start":{"line":15,"column":2},"end":{"line":19,"column":null}},"9":{"start":{"line":16,"column":4},"end":{"line":18,"column":7}},"10":{"start":{"line":21,"column":2},"end":{"line":21,"column":115}},"11":{"start":{"line":21,"column":69},"end":{"line":21,"column":114}},"12":{"start":{"line":24,"column":0},"end":{"line":41,"column":3}},"13":{"start":{"line":24,"column":74},"end":{"line":41,"column":2}},"14":{"start":{"line":25,"column":8},"end":{"line":25,"column":29}},"15":{"start":{"line":26,"column":8},"end":{"line":26,"column":31}},"16":{"start":{"line":28,"column":2},"end":{"line":32,"column":null}},"17":{"start":{"line":29,"column":4},"end":{"line":31,"column":7}},"18":{"start":{"line":34,"column":2},"end":{"line":38,"column":null}},"19":{"start":{"line":35,"column":4},"end":{"line":37,"column":7}},"20":{"start":{"line":40,"column":2},"end":{"line":40,"column":111}},"21":{"start":{"line":40,"column":65},"end":{"line":40,"column":110}},"22":{"start":{"line":43,"column":0},"end":{"line":54,"column":3}},"23":{"start":{"line":43,"column":78},"end":{"line":54,"column":2}},"24":{"start":{"line":44,"column":10},"end":{"line":44,"column":19}},"25":{"start":{"line":45,"column":10},"end":{"line":45,"column":20}},"26":{"start":{"line":47,"column":2},"end":{"line":51,"column":null}},"27":{"start":{"line":48,"column":4},"end":{"line":50,"column":7}},"28":{"start":{"line":53,"column":2},"end":{"line":53,"column":116}},"29":{"start":{"line":53,"column":70},"end":{"line":53,"column":115}},"30":{"start":{"line":56,"column":0},"end":{"line":56,"column":27}}},"fnMap":{"0":{"name":"(anonymous_14)","decl":{"start":{"line":12,"column":50},"end":{"line":12,"column":57}},"loc":{"start":{"line":12,"column":84},"end":{"line":22,"column":2}}},"1":{"name":"(anonymous_15)","decl":{"start":{"line":12,"column":84},"end":{"line":12,"column":null}},"loc":{"start":{"line":12,"column":84},"end":{"line":22,"column":2}}},"2":{"name":"(anonymous_17)","decl":{"start":{"line":21,"column":43},"end":{"line":21,"column":44}},"loc":{"start":{"line":21,"column":64},"end":{"line":21,"column":72}}},"3":{"name":"(anonymous_18)","decl":{"start":{"line":24,"column":40},"end":{"line":24,"column":47}},"loc":{"start":{"line":24,"column":74},"end":{"line":41,"column":2}}},"4":{"name":"(anonymous_19)","decl":{"start":{"line":24,"column":74},"end":{"line":24,"column":null}},"loc":{"start":{"line":24,"column":74},"end":{"line":41,"column":2}}},"5":{"name":"(anonymous_21)","decl":{"start":{"line":40,"column":39},"end":{"line":40,"column":40}},"loc":{"start":{"line":40,"column":60},"end":{"line":40,"column":68}}},"6":{"name":"(anonymous_22)","decl":{"start":{"line":43,"column":44},"end":{"line":43,"column":51}},"loc":{"start":{"line":43,"column":78},"end":{"line":54,"column":2}}},"7":{"name":"(anonymous_23)","decl":{"start":{"line":43,"column":78},"end":{"line":43,"column":null}},"loc":{"start":{"line":43,"column":78},"end":{"line":54,"column":2}}},"8":{"name":"(anonymous_25)","decl":{"start":{"line":53,"column":44},"end":{"line":53,"column":45}},"loc":{"start":{"line":53,"column":65},"end":{"line":53,"column":73}}}},"branchMap":{"0":{"loc":{"start":{"line":15,"column":2},"end":{"line":19,"column":null}},"type":"if","locations":[{"start":{"line":15,"column":2},"end":{"line":19,"column":null}},{"start":{"line":15,"column":2},"end":{"line":19,"column":null}}]},"1":{"loc":{"start":{"line":28,"column":2},"end":{"line":32,"column":null}},"type":"if","locations":[{"start":{"line":28,"column":2},"end":{"line":32,"column":null}},{"start":{"line":28,"column":2},"end":{"line":32,"column":null}}]},"2":{"loc":{"start":{"line":34,"column":2},"end":{"line":38,"column":null}},"type":"if","locations":[{"start":{"line":34,"column":2},"end":{"line":38,"column":null}},{"start":{"line":34,"column":2},"end":{"line":38,"column":null}}]},"3":{"loc":{"start":{"line":47,"column":2},"end":{"line":51,"column":null}},"type":"if","locations":[{"start":{"line":47,"column":2},"end":{"line":51,"column":null}},{"start":{"line":47,"column":2},"end":{"line":51,"column":null}}]}},"s":{"0":1,"1":1,"2":1,"3":1,"4":1,"5":1,"6":2,"7":2,"8":2,"9":0,"10":4,"11":2,"12":1,"13":2,"14":2,"15":2,"16":2,"17":0,"18":2,"19":1,"20":2,"21":1,"22":1,"23":14,"24":14,"25":14,"26":14,"27":1,"28":26,"29":13,"30":1},"f":{"0":2,"1":2,"2":2,"3":2,"4":2,"5":1,"6":14,"7":14,"8":13},"b":{"0":[0,2],"1":[0,2],"2":[1,1],"3":[1,13]}}
,"C:\\Users\\siste\\Desktop\\backend\\serverEcommerce\\rutas\\user.ts": {"path":"C:\\Users\\siste\\Desktop\\backend\\serverEcommerce\\rutas\\user.ts","statementMap":{"0":{"start":{"line":3,"column":0},"end":{"line":3,"column":52}},"1":{"start":{"line":4,"column":0},"end":{"line":4,"column":48}},"2":{"start":{"line":7,"column":19},"end":{"line":7,"column":27}},"3":{"start":{"line":8,"column":20},"end":{"line":8,"column":37}},"4":{"start":{"line":10,"column":0},"end":{"line":14,"column":3}},"5":{"start":{"line":10,"column":60},"end":{"line":14,"column":2}},"6":{"start":{"line":11,"column":8},"end":{"line":11,"column":29}},"7":{"start":{"line":13,"column":2},"end":{"line":13,"column":111}},"8":{"start":{"line":13,"column":65},"end":{"line":13,"column":110}},"9":{"start":{"line":16,"column":0},"end":{"line":21,"column":3}},"10":{"start":{"line":16,"column":60},"end":{"line":21,"column":2}},"11":{"start":{"line":17,"column":10},"end":{"line":17,"column":20}},"12":{"start":{"line":18,"column":10},"end":{"line":18,"column":23}},"13":{"start":{"line":20,"column":2},"end":{"line":20,"column":122}},"14":{"start":{"line":20,"column":76},"end":{"line":20,"column":121}},"15":{"start":{"line":23,"column":0},"end":{"line":25,"column":3}},"16":{"start":{"line":23,"column":60},"end":{"line":25,"column":2}},"17":{"start":{"line":24,"column":2},"end":{"line":24,"column":106}},"18":{"start":{"line":24,"column":60},"end":{"line":24,"column":105}},"19":{"start":{"line":27,"column":0},"end":{"line":27,"column":26}}},"fnMap":{"0":{"name":"(anonymous_14)","decl":{"start":{"line":10,"column":26},"end":{"line":10,"column":33}},"loc":{"start":{"line":10,"column":60},"end":{"line":14,"column":2}}},"1":{"name":"(anonymous_15)","decl":{"start":{"line":10,"column":60},"end":{"line":10,"column":null}},"loc":{"start":{"line":10,"column":60},"end":{"line":14,"column":2}}},"2":{"name":"(anonymous_17)","decl":{"start":{"line":13,"column":39},"end":{"line":13,"column":40}},"loc":{"start":{"line":13,"column":60},"end":{"line":13,"column":68}}},"3":{"name":"(anonymous_18)","decl":{"start":{"line":16,"column":26},"end":{"line":16,"column":33}},"loc":{"start":{"line":16,"column":60},"end":{"line":21,"column":2}}},"4":{"name":"(anonymous_19)","decl":{"start":{"line":16,"column":60},"end":{"line":16,"column":null}},"loc":{"start":{"line":16,"column":60},"end":{"line":21,"column":2}}},"5":{"name":"(anonymous_21)","decl":{"start":{"line":20,"column":50},"end":{"line":20,"column":51}},"loc":{"start":{"line":20,"column":71},"end":{"line":20,"column":79}}},"6":{"name":"(anonymous_22)","decl":{"start":{"line":23,"column":26},"end":{"line":23,"column":33}},"loc":{"start":{"line":23,"column":60},"end":{"line":25,"column":2}}},"7":{"name":"(anonymous_23)","decl":{"start":{"line":23,"column":60},"end":{"line":23,"column":null}},"loc":{"start":{"line":23,"column":60},"end":{"line":25,"column":2}}},"8":{"name":"(anonymous_25)","decl":{"start":{"line":24,"column":35},"end":{"line":24,"column":36}},"loc":{"start":{"line":24,"column":55},"end":{"line":24,"column":63}}}},"branchMap":{"0":{"loc":{"start":{"line":24,"column":2},"end":{"line":24,"column":106}},"type":"switch","locations":[{"start":{"line":24,"column":2},"end":{"line":24,"column":106}}]}},"s":{"0":1,"1":1,"2":1,"3":1,"4":1,"5":1,"6":1,"7":2,"8":1,"9":1,"10":1,"11":1,"12":1,"13":2,"14":1,"15":1,"16":1,"17":2,"18":1,"19":1},"f":{"0":1,"1":1,"2":1,"3":1,"4":1,"5":1,"6":1,"7":1,"8":1},"b":{"0":[1]}}
}
