TN:
SF:index.ts
FNF:0
FNH:0
DA:2,1
DA:3,1
DA:4,1
DA:7,1
DA:8,1
DA:10,1
DA:12,1
DA:14,1
DA:15,1
DA:17,1
DA:20,1
DA:21,1
DA:23,1
DA:25,1
DA:27,1
LF:15
LH:15
BRF:0
BRH:0
end_of_record
TN:
SF:clases\server.ts
FN:12,(anonymous_14)
FN:21,ServerHttp
FN:28,(anonymous_16)
FN:33,(anonymous_17)
FN:34,(anonymous_20)
FN:37,(anonymous_21)
FNF:6
FNH:6
FNDA:1,(anonymous_14)
FNDA:1,ServerHttp
FNDA:1,(anonymous_16)
FNDA:1,(anonymous_17)
FNDA:1,(anonymous_20)
FNDA:2,(anonymous_21)
DA:4,1
DA:5,1
DA:6,1
DA:7,1
DA:8,1
DA:10,1
DA:12,1
DA:22,1
DA:23,1
DA:25,1
DA:28,1
DA:29,1
DA:30,1
DA:33,1
DA:34,1
DA:35,1
DA:36,1
DA:37,1
DA:38,1
DA:42,2
DA:44,1
LF:21
LH:21
BRDA:29,0,0,1
BRDA:29,0,1,1
BRDA:35,1,0,0
BRDA:35,1,1,1
BRF:4
BRH:3
end_of_record
TN:
SF:config\environment.ts
FNF:0
FNH:0
DA:1,1
DA:2,1
DA:3,1
DA:4,1
DA:5,1
LF:5
LH:5
BRDA:1,0,0,1
BRDA:1,0,1,1
BRF:2
BRH:2
end_of_record
TN:
SF:controladoras\order.ts
FN:11,(anonymous_14)
FN:13,OrderService
FN:15,(anonymous_16)
FN:20,(anonymous_19)
FN:47,(anonymous_20)
FN:60,(anonymous_21)
FN:62,(anonymous_24)
FN:81,(anonymous_25)
FN:106,(anonymous_28)
FN:106,(anonymous_29)
FN:160,(anonymous_31)
FN:174,(anonymous_32)
FN:175,(anonymous_35)
FN:177,(anonymous_36)
FNF:14
FNH:13
FNDA:1,(anonymous_14)
FNDA:1,OrderService
FNDA:1,(anonymous_16)
FNDA:0,(anonymous_19)
FNDA:1,(anonymous_20)
FNDA:2,(anonymous_21)
FNDA:2,(anonymous_24)
FNDA:13,(anonymous_25)
FNDA:10,(anonymous_28)
FNDA:10,(anonymous_29)
FNDA:3,(anonymous_31)
FNDA:1,(anonymous_32)
FNDA:1,(anonymous_35)
FNDA:1,(anonymous_36)
DA:7,1
DA:9,1
DA:11,1
DA:15,1
DA:16,1
DA:17,1
DA:19,1
DA:20,0
DA:24,1
DA:25,0
DA:30,1
DA:31,0
DA:36,1
DA:37,0
DA:42,1
DA:43,0
DA:44,0
DA:47,2
DA:48,1
DA:49,0
DA:54,1
DA:60,1
DA:61,2
DA:62,4
DA:63,2
DA:64,0
DA:69,2
DA:70,0
DA:75,2
DA:81,1
DA:82,13
DA:83,13
DA:85,13
DA:86,3
DA:87,2
DA:92,1
DA:93,0
DA:99,11
DA:100,1
DA:105,10
DA:106,10
DA:107,10
DA:108,0
DA:113,10
DA:114,0
DA:119,10
DA:121,2
DA:122,1
DA:123,1
DA:128,1
DA:130,4
DA:131,3
DA:135,1
DA:137,4
DA:138,3
DA:142,1
DA:145,0
DA:150,3
DA:151,1
DA:152,1
DA:155,3
DA:156,3
DA:157,3
DA:160,6
DA:161,3
DA:162,0
DA:167,3
DA:174,1
DA:175,1
DA:176,1
DA:177,1
DA:178,1
DA:179,0
DA:182,1
DA:183,1
DA:186,0
DA:190,1
LF:77
LH:61
BRDA:24,0,0,0
BRDA:24,0,1,1
BRDA:30,1,0,0
BRDA:30,1,1,1
BRDA:36,2,0,0
BRDA:36,2,1,1
BRDA:42,3,0,0
BRDA:42,3,1,1
BRDA:42,4,0,1
BRDA:42,4,1,1
BRDA:48,5,0,0
BRDA:48,5,1,1
BRDA:63,6,0,0
BRDA:63,6,1,2
BRDA:69,7,0,0
BRDA:69,7,1,2
BRDA:85,8,0,3
BRDA:85,8,1,10
BRDA:86,9,0,2
BRDA:86,9,1,1
BRDA:86,10,0,3
BRDA:86,10,1,1
BRDA:86,10,2,1
BRDA:92,11,0,0
BRDA:92,11,1,1
BRDA:92,12,0,1
BRDA:92,12,1,1
BRDA:92,12,2,1
BRDA:99,13,0,1
BRDA:99,13,1,10
BRDA:107,14,0,0
BRDA:107,14,1,10
BRDA:113,15,0,0
BRDA:113,15,1,10
BRDA:120,16,0,2
BRDA:120,16,1,4
BRDA:120,16,2,4
BRDA:120,16,3,0
BRDA:121,17,0,1
BRDA:121,17,1,1
BRDA:122,18,0,1
BRDA:122,18,1,0
BRDA:130,19,0,3
BRDA:130,19,1,1
BRDA:137,20,0,3
BRDA:137,20,1,1
BRDA:150,21,0,1
BRDA:150,21,1,2
BRDA:161,22,0,0
BRDA:161,22,1,3
BRDA:178,23,0,0
BRDA:178,23,1,1
BRDA:182,24,0,1
BRDA:182,24,1,0
BRF:54
BRH:39
end_of_record
TN:
SF:controladoras\user.ts
FN:15,(anonymous_20)
FN:16,(anonymous_22)
FN:21,(anonymous_25)
FN:34,(anonymous_26)
FN:37,(anonymous_29)
FN:56,(anonymous_30)
FN:58,(anonymous_33)
FN:58,(anonymous_34)
FN:88,(anonymous_36)
FN:98,(anonymous_37)
FN:100,(anonymous_40)
FN:100,(anonymous_41)
FN:109,(anonymous_43)
FN:117,(anonymous_44)
FN:120,(anonymous_47)
FNF:15
FNH:13
FNDA:4,(anonymous_20)
FNDA:1,(anonymous_22)
FNDA:1,(anonymous_25)
FNDA:1,(anonymous_26)
FNDA:1,(anonymous_29)
FNDA:1,(anonymous_30)
FNDA:1,(anonymous_33)
FNDA:1,(anonymous_34)
FNDA:0,(anonymous_36)
FNDA:1,(anonymous_37)
FNDA:1,(anonymous_40)
FNDA:1,(anonymous_41)
FNDA:0,(anonymous_43)
FNDA:18,(anonymous_44)
FNDA:18,(anonymous_47)
DA:11,1
DA:12,1
DA:15,1
DA:16,1
DA:17,1
DA:18,1
DA:19,1
DA:21,1
DA:22,1
DA:23,0
DA:28,1
DA:34,1
DA:35,1
DA:36,1
DA:37,2
DA:38,1
DA:39,0
DA:44,1
DA:45,0
DA:50,1
DA:56,1
DA:57,1
DA:58,1
DA:59,1
DA:60,0
DA:65,1
DA:66,0
DA:71,1
DA:73,1
DA:74,0
DA:79,1
DA:87,1
DA:88,0
DA:92,1
DA:98,1
DA:99,1
DA:100,1
DA:101,1
DA:102,0
DA:105,2
DA:106,0
DA:107,0
DA:108,0
DA:109,0
DA:110,0
DA:117,1
DA:118,18
DA:119,18
DA:120,36
DA:121,18
DA:122,0
DA:127,18
DA:128,0
DA:133,18
DA:139,3
DA:153,1
LF:56
LH:41
BRDA:17,0,0,1
BRDA:22,1,0,0
BRDA:22,1,1,1
BRDA:38,2,0,0
BRDA:38,2,1,1
BRDA:44,3,0,0
BRDA:44,3,1,1
BRDA:59,4,0,0
BRDA:59,4,1,1
BRDA:65,5,0,0
BRDA:65,5,1,1
BRDA:73,6,0,0
BRDA:73,6,1,1
BRDA:101,7,0,0
BRDA:101,7,1,1
BRDA:105,8,0,1
BRDA:105,8,1,0
BRDA:107,9,0,0
BRDA:107,9,1,0
BRDA:121,10,0,0
BRDA:121,10,1,18
BRDA:127,11,0,0
BRDA:127,11,1,18
BRF:23
BRH:11
end_of_record
TN:
SF:funciones\encriptar.ts
FN:5,genRandomString
FN:11,getStringValue
FN:23,sha512
FN:34,genPassword
FN:39,generarToken
FN:40,(anonymous_27)
FN:43,(anonymous_28)
FN:52,suma
FNF:8
FNH:7
FNDA:1,genRandomString
FNDA:4,getStringValue
FNDA:2,sha512
FNDA:1,genPassword
FNDA:1,generarToken
FNDA:1,(anonymous_27)
FNDA:1,(anonymous_28)
FNDA:0,suma
DA:1,1
DA:2,1
DA:3,1
DA:5,1
DA:6,1
DA:11,1
DA:12,4
DA:13,0
DA:16,4
DA:17,0
DA:20,4
DA:23,1
DA:24,2
DA:25,2
DA:26,2
DA:28,2
DA:34,1
DA:35,1
DA:36,1
DA:39,1
DA:40,1
DA:41,1
DA:44,1
DA:45,0
DA:47,1
DA:52,1
DA:53,0
LF:27
LH:23
BRDA:12,0,0,0
BRDA:12,0,1,4
BRDA:12,1,0,4
BRDA:12,1,1,4
BRDA:16,2,0,0
BRDA:16,2,1,4
BRDA:16,3,0,4
BRDA:16,3,1,4
BRDA:44,4,0,0
BRDA:44,4,1,1
BRF:10
BRH:7
end_of_record
TN:
SF:middlewares\autenticacion.ts
FN:13,verifyToken
FN:16,(anonymous_17)
FN:16,(anonymous_18)
FN:21,(anonymous_20)
FNF:4
FNH:4
FNDA:18,verifyToken
FNDA:18,(anonymous_17)
FNDA:18,(anonymous_18)
FNDA:18,(anonymous_20)
DA:6,1
DA:7,1
DA:8,1
DA:11,1
DA:13,1
DA:14,18
DA:16,18
DA:17,18
DA:18,0
DA:21,36
DA:22,18
DA:23,18
DA:24,18
DA:26,0
LF:14
LH:12
BRDA:17,0,0,0
BRDA:17,0,1,18
BRDA:22,1,0,18
BRDA:22,1,1,0
BRF:4
BRH:2
end_of_record
TN:
SF:modelos\order.ts
FNF:0
FNH:0
DA:1,1
DA:3,1
DA:12,1
LF:3
LH:3
BRF:0
BRH:0
end_of_record
TN:
SF:modelos\user.ts
FNF:0
FNH:0
DA:1,1
DA:3,1
DA:11,1
LF:3
LH:3
BRF:0
BRH:0
end_of_record
TN:
SF:rutas\order.ts
FN:12,(anonymous_14)
FN:12,(anonymous_15)
FN:21,(anonymous_17)
FN:24,(anonymous_18)
FN:24,(anonymous_19)
FN:40,(anonymous_21)
FN:43,(anonymous_22)
FN:43,(anonymous_23)
FN:53,(anonymous_25)
FNF:9
FNH:9
FNDA:2,(anonymous_14)
FNDA:2,(anonymous_15)
FNDA:2,(anonymous_17)
FNDA:2,(anonymous_18)
FNDA:2,(anonymous_19)
FNDA:1,(anonymous_21)
FNDA:14,(anonymous_22)
FNDA:14,(anonymous_23)
FNDA:13,(anonymous_25)
DA:4,1
DA:5,1
DA:7,1
DA:9,1
DA:10,1
DA:12,2
DA:13,2
DA:15,2
DA:16,0
DA:21,4
DA:24,2
DA:25,2
DA:26,2
DA:28,2
DA:29,0
DA:34,2
DA:35,1
DA:40,2
DA:43,14
DA:44,14
DA:45,14
DA:47,14
DA:48,1
DA:53,26
DA:56,1
LF:25
LH:23
BRDA:15,0,0,0
BRDA:15,0,1,2
BRDA:28,1,0,0
BRDA:28,1,1,2
BRDA:34,2,0,1
BRDA:34,2,1,1
BRDA:47,3,0,1
BRDA:47,3,1,13
BRF:8
BRH:6
end_of_record
TN:
SF:rutas\user.ts
FN:10,(anonymous_14)
FN:10,(anonymous_15)
FN:13,(anonymous_17)
FN:16,(anonymous_18)
FN:16,(anonymous_19)
FN:20,(anonymous_21)
FN:23,(anonymous_22)
FN:23,(anonymous_23)
FN:24,(anonymous_25)
FNF:9
FNH:9
FNDA:1,(anonymous_14)
FNDA:1,(anonymous_15)
FNDA:1,(anonymous_17)
FNDA:1,(anonymous_18)
FNDA:1,(anonymous_19)
FNDA:1,(anonymous_21)
FNDA:1,(anonymous_22)
FNDA:1,(anonymous_23)
FNDA:1,(anonymous_25)
DA:3,1
DA:4,1
DA:7,1
DA:8,1
DA:10,1
DA:11,1
DA:13,2
DA:16,1
DA:17,1
DA:18,1
DA:20,2
DA:23,1
DA:24,2
DA:27,1
LF:14
LH:14
BRDA:24,0,0,1
BRF:1
BRH:1
end_of_record
